<?xml version="1.0" encoding="UTF-8"?>
<!-- Generated by org.testng.reporters.JUnitReportReporter -->
<testsuite hostname="Pritish_HP_Lap" failures="0" tests="1" name="com.saf.testcases.LoginPageTest" time="7.014" errors="0" timestamp="2023-08-05T08:51:41 GMT-04:00" skipped="0">
  <testcase classname="com.saf.testcases.LoginPageTest" name="test2" time="7.014"/>
</testsuite> <!-- com.saf.testcases.LoginPageTest -->
