<?xml version="1.0" encoding="UTF-8"?>
<!-- Generated by org.testng.reporters.JUnitReportReporter -->
<testsuite hostname="Pritish_HP_Lap" failures="0" tests="1" name="com.saf.testcases.OrangeHRMTests" time="14.052" errors="0" timestamp="2023-08-11T14:21:42 GMT-04:00" skipped="0">
  <testcase classname="com.saf.testcases.OrangeHRMTests" name="loginLogoutTest" time="14.052"/>
</testsuite> <!-- com.saf.testcases.OrangeHRMTests -->
